<?xml version="1.0" encoding="UTF-8"?>
<coverage generated="1632960677035" clover="3.2.0">
  <project timestamp="1632960677035" name="All files">
    <metrics statements="36" coveredstatements="36" conditionals="32" coveredconditionals="32" methods="8" coveredmethods="8" elements="76" coveredelements="76" complexity="0" loc="36" ncloc="36" packages="2" files="2" classes="2"/>
    <package name="src">
      <metrics statements="34" coveredstatements="34" conditionals="32" coveredconditionals="32" methods="7" coveredmethods="7"/>
      <file name="gilded_rose.js" path="/home/lucas/Área de Trabalho/ISIC-test/GildedRose-Refactoring-Kata/js-jest/src/gilded_rose.js">
        <metrics statements="34" coveredstatements="34" conditionals="32" coveredconditionals="32" methods="7" coveredmethods="7"/>
        <line num="3" count="20" type="stmt"/>
        <line num="4" count="20" type="stmt"/>
        <line num="5" count="20" type="stmt"/>
        <line num="10" count="6" type="stmt"/>
        <line num="13" count="1" type="stmt"/>
        <line num="14" count="1" type="stmt"/>
        <line num="15" count="1" type="stmt"/>
        <line num="16" count="1" type="stmt"/>
        <line num="17" count="1" type="stmt"/>
        <line num="18" count="1" type="stmt"/>
        <line num="21" count="6" type="stmt"/>
        <line num="25" count="31" type="stmt"/>
        <line num="26" count="122" type="stmt"/>
        <line num="27" count="122" type="stmt"/>
        <line num="32" count="122" type="cond" truecount="4" falsecount="0"/>
        <line num="33" count="60" type="cond" truecount="2" falsecount="0"/>
        <line num="34" count="58" type="stmt"/>
        <line num="35" count="58" type="cond" truecount="2" falsecount="0"/>
        <line num="36" count="28" type="cond" truecount="2" falsecount="0"/>
        <line num="37" count="18" type="cond" truecount="2" falsecount="0"/>
        <line num="38" count="17" type="stmt"/>
        <line num="41" count="28" type="cond" truecount="2" falsecount="0"/>
        <line num="42" count="13" type="cond" truecount="2" falsecount="0"/>
        <line num="43" count="12" type="stmt"/>
        <line num="49" count="62" type="cond" truecount="4" falsecount="0"/>
        <line num="50" count="21" type="stmt"/>
        <line num="56" count="122" type="cond" truecount="2" falsecount="0"/>
        <line num="57" count="91" type="stmt"/>
        <line num="59" count="122" type="cond" truecount="2" falsecount="0"/>
        <line num="64" count="21" type="cond" truecount="2" falsecount="0"/>
        <line num="65" count="10" type="stmt"/>
        <line num="67" count="11" type="cond" truecount="2" falsecount="0"/>
        <line num="68" count="1" type="stmt"/>
        <line num="75" count="1" type="stmt"/>
      </file>
    </package>
    <package name="utils">
      <metrics statements="2" coveredstatements="2" conditionals="0" coveredconditionals="0" methods="1" coveredmethods="1"/>
      <file name="randomValue.js" path="/home/lucas/Área de Trabalho/ISIC-test/GildedRose-Refactoring-Kata/js-jest/utils/randomValue.js">
        <metrics statements="2" coveredstatements="2" conditionals="0" coveredconditionals="0" methods="1" coveredmethods="1"/>
        <line num="2" count="1" type="stmt"/>
        <line num="4" count="1" type="stmt"/>
      </file>
    </package>
  </project>
</coverage>
