{"/home/lucas/Área de Trabalho/ISIC-test/GildedRose-Refactoring-Kata/js-jest/src/gilded_rose.js": {"path":"/home/lucas/Área de Trabalho/ISIC-test/GildedRose-Refactoring-Kata/js-jest/src/gilded_rose.js","statementMap":{"0":{"start":{"line":3,"column":2},"end":{"line":3,"column":19}},"1":{"start":{"line":4,"column":2},"end":{"line":4,"column":23}},"2":{"start":{"line":5,"column":2},"end":{"line":5,"column":25}},"3":{"start":{"line":11,"column":2},"end":{"line":11,"column":21}},"4":{"start":{"line":14,"column":19},"end":{"line":14,"column":30}},"5":{"start":{"line":15,"column":20},"end":{"line":15,"column":63}},"6":{"start":{"line":16,"column":19},"end":{"line":16,"column":47}},"7":{"start":{"line":17,"column":21},"end":{"line":17,"column":23}},"8":{"start":{"line":18,"column":31},"end":{"line":18,"column":33}},"9":{"start":{"line":19,"column":32},"end":{"line":19,"column":33}},"10":{"start":{"line":22,"column":2},"end":{"line":22,"column":20}},"11":{"start":{"line":26,"column":2},"end":{"line":70,"column":5}},"12":{"start":{"line":27,"column":3},"end":{"line":49,"column":4}},"13":{"start":{"line":28,"column":4},"end":{"line":32,"column":5}},"14":{"start":{"line":29,"column":5},"end":{"line":31,"column":6}},"15":{"start":{"line":30,"column":6},"end":{"line":30,"column":24}},"16":{"start":{"line":34,"column":4},"end":{"line":48,"column":5}},"17":{"start":{"line":35,"column":5},"end":{"line":35,"column":23}},"18":{"start":{"line":36,"column":5},"end":{"line":47,"column":6}},"19":{"start":{"line":37,"column":6},"end":{"line":41,"column":7}},"20":{"start":{"line":38,"column":7},"end":{"line":40,"column":8}},"21":{"start":{"line":39,"column":8},"end":{"line":39,"column":26}},"22":{"start":{"line":42,"column":6},"end":{"line":46,"column":7}},"23":{"start":{"line":43,"column":7},"end":{"line":45,"column":8}},"24":{"start":{"line":44,"column":8},"end":{"line":44,"column":26}},"25":{"start":{"line":50,"column":3},"end":{"line":52,"column":4}},"26":{"start":{"line":51,"column":4},"end":{"line":51,"column":21}},"27":{"start":{"line":53,"column":3},"end":{"line":69,"column":4}},"28":{"start":{"line":54,"column":4},"end":{"line":68,"column":5}},"29":{"start":{"line":55,"column":5},"end":{"line":63,"column":6}},"30":{"start":{"line":56,"column":6},"end":{"line":60,"column":7}},"31":{"start":{"line":57,"column":7},"end":{"line":59,"column":8}},"32":{"start":{"line":58,"column":8},"end":{"line":58,"column":26}},"33":{"start":{"line":62,"column":6},"end":{"line":62,"column":23}},"34":{"start":{"line":65,"column":5},"end":{"line":67,"column":6}},"35":{"start":{"line":66,"column":6},"end":{"line":66,"column":24}},"36":{"start":{"line":74,"column":0},"end":{"line":77,"column":2}}},"fnMap":{"0":{"name":"(anonymous_0)","decl":{"start":{"line":2,"column":1},"end":{"line":2,"column":2}},"loc":{"start":{"line":2,"column":36},"end":{"line":6,"column":2}},"line":2},"1":{"name":"(anonymous_1)","decl":{"start":{"line":10,"column":1},"end":{"line":10,"column":2}},"loc":{"start":{"line":10,"column":25},"end":{"line":12,"column":2}},"line":10},"2":{"name":"(anonymous_2)","decl":{"start":{"line":21,"column":1},"end":{"line":21,"column":2}},"loc":{"start":{"line":21,"column":16},"end":{"line":23,"column":2}},"line":21},"3":{"name":"(anonymous_3)","decl":{"start":{"line":25,"column":1},"end":{"line":25,"column":2}},"loc":{"start":{"line":25,"column":17},"end":{"line":71,"column":2}},"line":25},"4":{"name":"(anonymous_4)","decl":{"start":{"line":26,"column":21},"end":{"line":26,"column":22}},"loc":{"start":{"line":26,"column":29},"end":{"line":70,"column":3}},"line":26}},"branchMap":{"0":{"loc":{"start":{"line":10,"column":13},"end":{"line":10,"column":23}},"type":"default-arg","locations":[{"start":{"line":10,"column":21},"end":{"line":10,"column":23}}],"line":10},"1":{"loc":{"start":{"line":27,"column":3},"end":{"line":49,"column":4}},"type":"if","locations":[{"start":{"line":27,"column":3},"end":{"line":49,"column":4}},{"start":{"line":27,"column":3},"end":{"line":49,"column":4}}],"line":27},"2":{"loc":{"start":{"line":27,"column":7},"end":{"line":27,"column":64}},"type":"binary-expr","locations":[{"start":{"line":27,"column":7},"end":{"line":27,"column":33}},{"start":{"line":27,"column":37},"end":{"line":27,"column":64}}],"line":27},"3":{"loc":{"start":{"line":28,"column":4},"end":{"line":32,"column":5}},"type":"if","locations":[{"start":{"line":28,"column":4},"end":{"line":32,"column":5}},{"start":{"line":28,"column":4},"end":{"line":32,"column":5}}],"line":28},"4":{"loc":{"start":{"line":29,"column":5},"end":{"line":31,"column":6}},"type":"if","locations":[{"start":{"line":29,"column":5},"end":{"line":31,"column":6}},{"start":{"line":29,"column":5},"end":{"line":31,"column":6}}],"line":29},"5":{"loc":{"start":{"line":34,"column":4},"end":{"line":48,"column":5}},"type":"if","locations":[{"start":{"line":34,"column":4},"end":{"line":48,"column":5}},{"start":{"line":34,"column":4},"end":{"line":48,"column":5}}],"line":34},"6":{"loc":{"start":{"line":36,"column":5},"end":{"line":47,"column":6}},"type":"if","locations":[{"start":{"line":36,"column":5},"end":{"line":47,"column":6}},{"start":{"line":36,"column":5},"end":{"line":47,"column":6}}],"line":36},"7":{"loc":{"start":{"line":37,"column":6},"end":{"line":41,"column":7}},"type":"if","locations":[{"start":{"line":37,"column":6},"end":{"line":41,"column":7}},{"start":{"line":37,"column":6},"end":{"line":41,"column":7}}],"line":37},"8":{"loc":{"start":{"line":38,"column":7},"end":{"line":40,"column":8}},"type":"if","locations":[{"start":{"line":38,"column":7},"end":{"line":40,"column":8}},{"start":{"line":38,"column":7},"end":{"line":40,"column":8}}],"line":38},"9":{"loc":{"start":{"line":42,"column":6},"end":{"line":46,"column":7}},"type":"if","locations":[{"start":{"line":42,"column":6},"end":{"line":46,"column":7}},{"start":{"line":42,"column":6},"end":{"line":46,"column":7}}],"line":42},"10":{"loc":{"start":{"line":43,"column":7},"end":{"line":45,"column":8}},"type":"if","locations":[{"start":{"line":43,"column":7},"end":{"line":45,"column":8}},{"start":{"line":43,"column":7},"end":{"line":45,"column":8}}],"line":43},"11":{"loc":{"start":{"line":50,"column":3},"end":{"line":52,"column":4}},"type":"if","locations":[{"start":{"line":50,"column":3},"end":{"line":52,"column":4}},{"start":{"line":50,"column":3},"end":{"line":52,"column":4}}],"line":50},"12":{"loc":{"start":{"line":53,"column":3},"end":{"line":69,"column":4}},"type":"if","locations":[{"start":{"line":53,"column":3},"end":{"line":69,"column":4}},{"start":{"line":53,"column":3},"end":{"line":69,"column":4}}],"line":53},"13":{"loc":{"start":{"line":54,"column":4},"end":{"line":68,"column":5}},"type":"if","locations":[{"start":{"line":54,"column":4},"end":{"line":68,"column":5}},{"start":{"line":54,"column":4},"end":{"line":68,"column":5}}],"line":54},"14":{"loc":{"start":{"line":55,"column":5},"end":{"line":63,"column":6}},"type":"if","locations":[{"start":{"line":55,"column":5},"end":{"line":63,"column":6}},{"start":{"line":55,"column":5},"end":{"line":63,"column":6}}],"line":55},"15":{"loc":{"start":{"line":56,"column":6},"end":{"line":60,"column":7}},"type":"if","locations":[{"start":{"line":56,"column":6},"end":{"line":60,"column":7}},{"start":{"line":56,"column":6},"end":{"line":60,"column":7}}],"line":56},"16":{"loc":{"start":{"line":57,"column":7},"end":{"line":59,"column":8}},"type":"if","locations":[{"start":{"line":57,"column":7},"end":{"line":59,"column":8}},{"start":{"line":57,"column":7},"end":{"line":59,"column":8}}],"line":57},"17":{"loc":{"start":{"line":65,"column":5},"end":{"line":67,"column":6}},"type":"if","locations":[{"start":{"line":65,"column":5},"end":{"line":67,"column":6}},{"start":{"line":65,"column":5},"end":{"line":67,"column":6}}],"line":65}},"s":{"0":48,"1":48,"2":48,"3":6,"4":1,"5":1,"6":1,"7":1,"8":1,"9":1,"10":6,"11":31,"12":122,"13":62,"14":52,"15":21,"16":60,"17":53,"18":53,"19":28,"20":18,"21":17,"22":28,"23":13,"24":12,"25":122,"26":91,"27":122,"28":32,"29":22,"30":12,"31":2,"32":1,"33":10,"34":10,"35":5,"36":1},"f":{"0":48,"1":6,"2":6,"3":31,"4":122},"b":{"0":[1],"1":[62,60],"2":[122,92],"3":[52,10],"4":[21,31],"5":[53,7],"6":[28,25],"7":[18,10],"8":[17,1],"9":[13,15],"10":[12,1],"11":[91,31],"12":[32,90],"13":[22,10],"14":[12,10],"15":[2,10],"16":[1,1],"17":[5,5]},"_coverageSchema":"43e27e138ebf9cfc5966b082cf9a028302ed4184","hash":"c6a6f9b88208b4f5c503040571ce035f2b108f62"}
,"/home/lucas/Área de Trabalho/ISIC-test/GildedRose-Refactoring-Kata/js-jest/utils/randomValue.js": {"path":"/home/lucas/Área de Trabalho/ISIC-test/GildedRose-Refactoring-Kata/js-jest/utils/randomValue.js","statementMap":{"0":{"start":{"line":2,"column":1},"end":{"line":2,"column":62}},"1":{"start":{"line":4,"column":0},"end":{"line":6,"column":2}}},"fnMap":{"0":{"name":"randomValueBetween","decl":{"start":{"line":1,"column":9},"end":{"line":1,"column":27}},"loc":{"start":{"line":1,"column":40},"end":{"line":3,"column":1}},"line":1}},"branchMap":{},"s":{"0":1,"1":1},"f":{"0":1},"b":{},"_coverageSchema":"43e27e138ebf9cfc5966b082cf9a028302ed4184","hash":"3dbf03be70183646489a83f339d3ec8a97cc2876"}
}
