{"/home/lucas/Área de Trabalho/ISIC-test/GildedRose-Refactoring-Kata/js-jest/src/gilded_rose.js": {"path":"/home/lucas/Área de Trabalho/ISIC-test/GildedRose-Refactoring-Kata/js-jest/src/gilded_rose.js","statementMap":{"0":{"start":{"line":3,"column":2},"end":{"line":3,"column":19}},"1":{"start":{"line":4,"column":2},"end":{"line":4,"column":23}},"2":{"start":{"line":5,"column":2},"end":{"line":5,"column":25}},"3":{"start":{"line":10,"column":2},"end":{"line":10,"column":21}},"4":{"start":{"line":13,"column":19},"end":{"line":13,"column":30}},"5":{"start":{"line":14,"column":20},"end":{"line":14,"column":63}},"6":{"start":{"line":15,"column":19},"end":{"line":15,"column":47}},"7":{"start":{"line":16,"column":21},"end":{"line":16,"column":23}},"8":{"start":{"line":17,"column":31},"end":{"line":17,"column":33}},"9":{"start":{"line":18,"column":32},"end":{"line":18,"column":33}},"10":{"start":{"line":21,"column":2},"end":{"line":21,"column":20}},"11":{"start":{"line":25,"column":2},"end":{"line":27,"column":5}},"12":{"start":{"line":26,"column":3},"end":{"line":26,"column":26}},"13":{"start":{"line":31,"column":2},"end":{"line":33,"column":3}},"14":{"start":{"line":32,"column":3},"end":{"line":32,"column":10}},"15":{"start":{"line":34,"column":2},"end":{"line":52,"column":3}},"16":{"start":{"line":35,"column":3},"end":{"line":51,"column":4}},"17":{"start":{"line":36,"column":4},"end":{"line":36,"column":22}},"18":{"start":{"line":37,"column":4},"end":{"line":48,"column":5}},"19":{"start":{"line":38,"column":5},"end":{"line":42,"column":6}},"20":{"start":{"line":39,"column":6},"end":{"line":41,"column":7}},"21":{"start":{"line":40,"column":7},"end":{"line":40,"column":25}},"22":{"start":{"line":43,"column":5},"end":{"line":47,"column":6}},"23":{"start":{"line":44,"column":6},"end":{"line":46,"column":7}},"24":{"start":{"line":45,"column":7},"end":{"line":45,"column":25}},"25":{"start":{"line":50,"column":4},"end":{"line":50,"column":22}},"26":{"start":{"line":53,"column":2},"end":{"line":53,"column":19}},"27":{"start":{"line":54,"column":2},"end":{"line":56,"column":3}},"28":{"start":{"line":55,"column":3},"end":{"line":55,"column":20}},"29":{"start":{"line":60,"column":0},"end":{"line":63,"column":2}}},"fnMap":{"0":{"name":"(anonymous_0)","decl":{"start":{"line":2,"column":1},"end":{"line":2,"column":2}},"loc":{"start":{"line":2,"column":36},"end":{"line":6,"column":2}},"line":2},"1":{"name":"(anonymous_1)","decl":{"start":{"line":9,"column":1},"end":{"line":9,"column":2}},"loc":{"start":{"line":9,"column":25},"end":{"line":11,"column":2}},"line":9},"2":{"name":"(anonymous_2)","decl":{"start":{"line":20,"column":1},"end":{"line":20,"column":2}},"loc":{"start":{"line":20,"column":16},"end":{"line":22,"column":2}},"line":20},"3":{"name":"(anonymous_3)","decl":{"start":{"line":24,"column":1},"end":{"line":24,"column":2}},"loc":{"start":{"line":24,"column":17},"end":{"line":28,"column":2}},"line":24},"4":{"name":"(anonymous_4)","decl":{"start":{"line":25,"column":21},"end":{"line":25,"column":22}},"loc":{"start":{"line":25,"column":29},"end":{"line":27,"column":3}},"line":25},"5":{"name":"(anonymous_5)","decl":{"start":{"line":30,"column":1},"end":{"line":30,"column":2}},"loc":{"start":{"line":30,"column":19},"end":{"line":57,"column":2}},"line":30}},"branchMap":{"0":{"loc":{"start":{"line":9,"column":13},"end":{"line":9,"column":23}},"type":"default-arg","locations":[{"start":{"line":9,"column":21},"end":{"line":9,"column":23}}],"line":9},"1":{"loc":{"start":{"line":31,"column":2},"end":{"line":33,"column":3}},"type":"if","locations":[{"start":{"line":31,"column":2},"end":{"line":33,"column":3}},{"start":{"line":31,"column":2},"end":{"line":33,"column":3}}],"line":31},"2":{"loc":{"start":{"line":34,"column":2},"end":{"line":52,"column":3}},"type":"if","locations":[{"start":{"line":34,"column":2},"end":{"line":52,"column":3}},{"start":{"line":34,"column":2},"end":{"line":52,"column":3}}],"line":34},"3":{"loc":{"start":{"line":34,"column":6},"end":{"line":34,"column":56}},"type":"binary-expr","locations":[{"start":{"line":34,"column":6},"end":{"line":34,"column":22}},{"start":{"line":34,"column":26},"end":{"line":34,"column":56}}],"line":34},"4":{"loc":{"start":{"line":35,"column":3},"end":{"line":51,"column":4}},"type":"if","locations":[{"start":{"line":35,"column":3},"end":{"line":51,"column":4}},{"start":{"line":35,"column":3},"end":{"line":51,"column":4}}],"line":35},"5":{"loc":{"start":{"line":35,"column":7},"end":{"line":35,"column":66}},"type":"binary-expr","locations":[{"start":{"line":35,"column":7},"end":{"line":35,"column":34}},{"start":{"line":35,"column":38},"end":{"line":35,"column":66}}],"line":35},"6":{"loc":{"start":{"line":37,"column":4},"end":{"line":48,"column":5}},"type":"if","locations":[{"start":{"line":37,"column":4},"end":{"line":48,"column":5}},{"start":{"line":37,"column":4},"end":{"line":48,"column":5}}],"line":37},"7":{"loc":{"start":{"line":38,"column":5},"end":{"line":42,"column":6}},"type":"if","locations":[{"start":{"line":38,"column":5},"end":{"line":42,"column":6}},{"start":{"line":38,"column":5},"end":{"line":42,"column":6}}],"line":38},"8":{"loc":{"start":{"line":39,"column":6},"end":{"line":41,"column":7}},"type":"if","locations":[{"start":{"line":39,"column":6},"end":{"line":41,"column":7}},{"start":{"line":39,"column":6},"end":{"line":41,"column":7}}],"line":39},"9":{"loc":{"start":{"line":43,"column":5},"end":{"line":47,"column":6}},"type":"if","locations":[{"start":{"line":43,"column":5},"end":{"line":47,"column":6}},{"start":{"line":43,"column":5},"end":{"line":47,"column":6}}],"line":43},"10":{"loc":{"start":{"line":44,"column":6},"end":{"line":46,"column":7}},"type":"if","locations":[{"start":{"line":44,"column":6},"end":{"line":46,"column":7}},{"start":{"line":44,"column":6},"end":{"line":46,"column":7}}],"line":44},"11":{"loc":{"start":{"line":54,"column":2},"end":{"line":56,"column":3}},"type":"if","locations":[{"start":{"line":54,"column":2},"end":{"line":56,"column":3}},{"start":{"line":54,"column":2},"end":{"line":56,"column":3}}],"line":54},"12":{"loc":{"start":{"line":54,"column":6},"end":{"line":54,"column":52}},"type":"binary-expr","locations":[{"start":{"line":54,"column":6},"end":{"line":54,"column":33}},{"start":{"line":54,"column":37},"end":{"line":54,"column":52}}],"line":54}},"s":{"0":10,"1":10,"2":10,"3":6,"4":1,"5":1,"6":1,"7":1,"8":1,"9":1,"10":6,"11":31,"12":122,"13":122,"14":31,"15":91,"16":70,"17":49,"18":49,"19":19,"20":9,"21":8,"22":19,"23":4,"24":3,"25":21,"26":91,"27":91,"28":21,"29":1},"f":{"0":10,"1":6,"2":6,"3":31,"4":122,"5":122},"b":{"0":[1],"1":[31,91],"2":[70,21],"3":[91,72],"4":[49,21],"5":[70,40],"6":[19,30],"7":[9,10],"8":[8,1],"9":[4,15],"10":[3,1],"11":[21,70],"12":[91,61]},"_coverageSchema":"43e27e138ebf9cfc5966b082cf9a028302ed4184","hash":"f92452834d7113cc50b6aa8bca972f289020a8f3"}
,"/home/lucas/Área de Trabalho/ISIC-test/GildedRose-Refactoring-Kata/js-jest/utils/randomValue.js": {"path":"/home/lucas/Área de Trabalho/ISIC-test/GildedRose-Refactoring-Kata/js-jest/utils/randomValue.js","statementMap":{"0":{"start":{"line":2,"column":1},"end":{"line":2,"column":62}},"1":{"start":{"line":4,"column":0},"end":{"line":6,"column":2}}},"fnMap":{"0":{"name":"randomValueBetween","decl":{"start":{"line":1,"column":9},"end":{"line":1,"column":27}},"loc":{"start":{"line":1,"column":40},"end":{"line":3,"column":1}},"line":1}},"branchMap":{},"s":{"0":1,"1":1},"f":{"0":1},"b":{},"_coverageSchema":"43e27e138ebf9cfc5966b082cf9a028302ed4184","hash":"3dbf03be70183646489a83f339d3ec8a97cc2876"}
}
