TN:
SF:/home/lucas/Área de Trabalho/ISIC-test/GildedRose-Refactoring-Kata/js-jest/src/gilded_rose.js
FN:2,(anonymous_0)
FN:10,(anonymous_1)
FN:21,(anonymous_2)
FN:25,(anonymous_3)
FN:26,(anonymous_4)
FNF:5
FNH:5
FNDA:33,(anonymous_0)
FNDA:6,(anonymous_1)
FNDA:6,(anonymous_2)
FNDA:31,(anonymous_3)
FNDA:122,(anonymous_4)
DA:3,33
DA:4,33
DA:5,33
DA:11,6
DA:14,1
DA:15,1
DA:16,1
DA:17,1
DA:18,1
DA:19,1
DA:22,6
DA:26,31
DA:27,122
DA:28,60
DA:29,58
DA:30,58
DA:31,28
DA:32,18
DA:33,17
DA:36,28
DA:37,13
DA:38,12
DA:44,62
DA:45,21
DA:48,122
DA:49,91
DA:51,122
DA:56,21
DA:57,10
DA:59,11
DA:60,1
DA:68,1
LF:32
LH:32
BRDA:10,0,0,1
BRDA:27,1,0,60
BRDA:27,1,1,62
BRDA:27,2,0,122
BRDA:27,2,1,92
BRDA:28,3,0,58
BRDA:28,3,1,2
BRDA:30,4,0,28
BRDA:30,4,1,30
BRDA:31,5,0,18
BRDA:31,5,1,10
BRDA:32,6,0,17
BRDA:32,6,1,1
BRDA:36,7,0,13
BRDA:36,7,1,15
BRDA:37,8,0,12
BRDA:37,8,1,1
BRDA:44,9,0,21
BRDA:44,9,1,41
BRDA:44,10,0,62
BRDA:44,10,1,52
BRDA:48,11,0,91
BRDA:48,11,1,31
BRDA:51,12,0,21
BRDA:51,12,1,101
BRDA:52,13,0,122
BRDA:52,13,1,32
BRDA:52,13,2,22
BRDA:56,14,0,10
BRDA:56,14,1,11
BRDA:59,15,0,1
BRDA:59,15,1,10
BRF:32
BRH:32
end_of_record
TN:
SF:/home/lucas/Área de Trabalho/ISIC-test/GildedRose-Refactoring-Kata/js-jest/utils/randomValue.js
FN:1,randomValueBetween
FNF:1
FNH:1
FNDA:1,randomValueBetween
DA:2,1
DA:4,1
LF:2
LH:2
BRF:0
BRH:0
end_of_record
