TN:
SF:/home/lucas/Área de Trabalho/ISIC-test/GildedRose-Refactoring-Kata/js-jest/src/gilded_rose.js
FN:2,(anonymous_0)
FN:9,(anonymous_1)
FN:20,(anonymous_2)
FN:24,(anonymous_3)
FN:25,(anonymous_4)
FN:30,(anonymous_5)
FNF:6
FNH:6
FNDA:10,(anonymous_0)
FNDA:6,(anonymous_1)
FNDA:6,(anonymous_2)
FNDA:31,(anonymous_3)
FNDA:122,(anonymous_4)
FNDA:122,(anonymous_5)
DA:3,10
DA:4,10
DA:5,10
DA:10,6
DA:13,1
DA:14,1
DA:15,1
DA:16,1
DA:17,1
DA:18,1
DA:21,6
DA:25,31
DA:26,122
DA:31,122
DA:32,31
DA:34,91
DA:35,70
DA:36,49
DA:37,49
DA:38,19
DA:39,9
DA:40,8
DA:43,19
DA:44,4
DA:45,3
DA:50,21
DA:53,91
DA:54,91
DA:55,21
DA:60,1
LF:30
LH:30
BRDA:9,0,0,1
BRDA:31,1,0,31
BRDA:31,1,1,91
BRDA:34,2,0,70
BRDA:34,2,1,21
BRDA:34,3,0,91
BRDA:34,3,1,72
BRDA:35,4,0,49
BRDA:35,4,1,21
BRDA:35,5,0,70
BRDA:35,5,1,40
BRDA:37,6,0,19
BRDA:37,6,1,30
BRDA:38,7,0,9
BRDA:38,7,1,10
BRDA:39,8,0,8
BRDA:39,8,1,1
BRDA:43,9,0,4
BRDA:43,9,1,15
BRDA:44,10,0,3
BRDA:44,10,1,1
BRDA:54,11,0,21
BRDA:54,11,1,70
BRDA:54,12,0,91
BRDA:54,12,1,61
BRF:25
BRH:25
end_of_record
TN:
SF:/home/lucas/Área de Trabalho/ISIC-test/GildedRose-Refactoring-Kata/js-jest/utils/randomValue.js
FN:1,randomValueBetween
FNF:1
FNH:1
FNDA:1,randomValueBetween
DA:2,1
DA:4,1
LF:2
LH:2
BRF:0
BRH:0
end_of_record
